
2024-03-27 12:48:37 - INFO - SUCESSO - UC:41532147
2024-03-27 12:48:50 - INFO - SUCESSO - UC:57529060
2024-03-27 12:49:00 - INFO - SUCESSO - UC:92565417
2024-03-27 12:49:10 - INFO - SUCESSO - UC:98182501
2024-03-27 12:49:20 - INFO - SUCESSO - UC:47248939
2024-03-27 12:49:31 - INFO - SUCESSO - UC:98693654
2024-03-27 12:49:41 - INFO - SUCESSO - UC:72101032
2024-03-27 12:49:52 - INFO - SUCESSO - UC:36942901
2024-03-27 12:50:02 - INFO - SUCESSO - UC:90540514
2024-03-27 12:50:02 - INFO - Tempo de execução:118.3851888179779
2024-03-27 12:53:07 - INFO - SUCESSO - UC:41340655
2024-03-27 12:53:23 - INFO - SUCESSO - UC:45838313
2024-03-27 12:53:35 - INFO - SUCESSO - UC:53371127
2024-03-27 12:53:45 - INFO - SUCESSO - UC:103025618
2024-03-27 12:53:55 - INFO - SUCESSO - UC:109211014
2024-03-27 12:54:05 - INFO - SUCESSO - UC:38143135
2024-03-27 12:54:16 - INFO - SUCESSO - UC:107150751
2024-03-27 12:54:26 - INFO - SUCESSO - UC:110877306
2024-03-27 12:54:35 - INFO - SUCESSO - UC:110877446
2024-03-27 12:54:44 - INFO - SUCESSO - UC:110877519
2024-03-27 12:54:55 - INFO - SUCESSO - UC:55103740
2024-03-27 12:55:06 - INFO - SUCESSO - UC:56731310
2024-03-27 12:55:17 - INFO - SUCESSO - UC:95641963
2024-03-27 12:55:28 - INFO - SUCESSO - UC:16500334
2024-03-27 12:55:38 - INFO - SUCESSO - UC:59012340
2024-03-27 12:55:49 - INFO - SUCESSO - UC:73678309
2024-03-27 12:56:01 - INFO - SUCESSO - UC:81690150
2024-03-27 12:56:12 - INFO - SUCESSO - UC:85654701
2024-03-27 12:56:24 - INFO - SUCESSO - UC:89365984
2024-03-27 12:56:36 - INFO - SUCESSO - UC:9708243
2024-03-27 12:56:48 - INFO - SUCESSO - UC:109005937
2024-03-27 12:56:59 - INFO - SUCESSO - UC:109006020
2024-03-27 12:57:11 - INFO - SUCESSO - UC:39980758
2024-03-27 12:57:24 - INFO - SUCESSO - UC:73907413
2024-03-27 12:57:36 - INFO - SUCESSO - UC:80760791
2024-03-27 12:57:48 - INFO - SUCESSO - UC:88716350
2024-03-27 12:58:01 - INFO - SUCESSO - UC:102346577
2024-03-27 12:58:13 - INFO - SUCESSO - UC:29367506
2024-03-27 12:58:26 - INFO - SUCESSO - UC:73822671
2024-03-27 12:58:37 - INFO - SUCESSO - UC:74382560
2024-03-27 12:58:50 - INFO - SUCESSO - UC:89913523
2024-03-27 12:58:50 - INFO - Tempo de execução:380.280015707016
2024-03-27 13:05:43 - INFO - SUCESSO - UC:58411550
2024-03-27 13:05:53 - INFO - SUCESSO - UC:85922927
2024-03-27 13:06:01 - INFO - SUCESSO - UC:101925239
2024-03-27 13:06:11 - INFO - SUCESSO - UC:98678280
2024-03-27 13:06:21 - INFO - SUCESSO - UC:81924518
2024-03-27 13:06:30 - INFO - SUCESSO - UC:54207002
2024-03-27 13:06:39 - INFO - SUCESSO - UC:68050330
2024-03-27 13:11:02 - INFO - SUCESSO - UC:58411550
2024-03-27 13:11:12 - INFO - SUCESSO - UC:85922927
2024-03-27 13:11:21 - INFO - SUCESSO - UC:101925239
2024-03-27 13:12:47 - INFO - SUCESSO - UC:58411550
2024-03-27 13:13:37 - INFO - SUCESSO - UC:58411550
2024-03-27 13:13:46 - INFO - SUCESSO - UC:85922927
2024-03-27 13:13:55 - INFO - SUCESSO - UC:101925239
2024-03-27 13:14:06 - INFO - SUCESSO - UC:98678280
2024-03-27 13:14:15 - INFO - SUCESSO - UC:81924518
2024-03-27 13:14:25 - INFO - SUCESSO - UC:54207002
2024-03-27 13:14:35 - INFO - SUCESSO - UC:68050330
2024-03-27 13:14:44 - INFO - SUCESSO - UC:94164355
2024-03-27 13:14:54 - INFO - SUCESSO - UC:98853104
2024-03-27 13:15:04 - INFO - SUCESSO - UC:59097779
2024-03-27 13:16:13 - INFO - SUCESSO - UC:58411550
2024-03-27 13:17:03 - INFO - SUCESSO - UC:58411550
2024-03-27 13:22:20 - INFO - SUCESSO - UC:58411550
2024-03-27 13:22:31 - INFO - SUCESSO - UC:85922927
2024-03-27 13:22:40 - INFO - SUCESSO - UC:45189064
2024-03-27 13:22:49 - INFO - SUCESSO - UC:101925239
2024-03-27 13:23:00 - INFO - SUCESSO - UC:98678280
2024-03-27 13:23:11 - INFO - SUCESSO - UC:105717649
2024-03-27 13:23:21 - INFO - SUCESSO - UC:81924518
2024-03-27 13:23:31 - INFO - SUCESSO - UC:54207002
2024-03-27 13:23:40 - INFO - SUCESSO - UC:68050330
2024-03-27 13:23:50 - INFO - SUCESSO - UC:73433594
2024-03-27 13:24:00 - INFO - SUCESSO - UC:94164355
2024-03-27 13:24:11 - INFO - SUCESSO - UC:98853104
2024-03-27 13:24:21 - INFO - SUCESSO - UC:59097779
2024-03-27 13:24:33 - INFO - SUCESSO - UC:102204144
2024-03-27 13:24:43 - INFO - SUCESSO - UC:105086940
2024-03-27 13:24:55 - INFO - SUCESSO - UC:105479810
2024-03-27 13:25:06 - INFO - SUCESSO - UC:110640390
2024-03-27 13:25:18 - INFO - SUCESSO - UC:41532147
2024-03-27 13:25:31 - INFO - SUCESSO - UC:47009004
2024-03-27 13:25:43 - INFO - SUCESSO - UC:57529060
2024-03-27 13:25:56 - INFO - SUCESSO - UC:74266390
2024-03-27 13:26:08 - INFO - SUCESSO - UC:78677211
2024-03-27 13:26:21 - INFO - SUCESSO - UC:92565417
2024-03-27 13:26:34 - INFO - SUCESSO - UC:98182501
2024-03-27 13:26:47 - INFO - SUCESSO - UC:34801634
2024-03-27 13:27:00 - INFO - SUCESSO - UC:98693654
2024-03-27 13:27:13 - INFO - SUCESSO - UC:10244379
2024-03-27 13:27:27 - INFO - SUCESSO - UC:109003934
2024-03-27 13:27:40 - INFO - SUCESSO - UC:109005864
2024-03-27 13:27:52 - INFO - SUCESSO - UC:37901672
2024-03-27 13:28:06 - INFO - SUCESSO - UC:56035500
2024-03-27 13:28:19 - INFO - SUCESSO - UC:72101032
2024-03-27 13:28:31 - INFO - SUCESSO - UC:76959961
2024-03-27 13:28:45 - INFO - SUCESSO - UC:80317146
2024-03-27 13:28:59 - INFO - SUCESSO - UC:106258184
2024-03-27 13:29:13 - INFO - SUCESSO - UC:108371638
2024-03-27 13:29:28 - INFO - SUCESSO - UC:108447065
2024-03-27 13:29:42 - INFO - SUCESSO - UC:108447090
2024-03-27 13:29:56 - INFO - SUCESSO - UC:108447162
2024-03-27 13:30:11 - INFO - SUCESSO - UC:108447227
2024-03-27 13:30:26 - INFO - SUCESSO - UC:108447260
2024-03-27 13:30:26 - INFO - Tempo de execução:520.569705247879
2024-03-27 13:50:34 - INFO - SUCESSO - UC:106152521
2024-03-27 13:50:45 - INFO - SUCESSO - UC:106672762
2024-03-27 13:50:55 - INFO - SUCESSO - UC:106693352
2024-03-27 13:54:44 - INFO - SUCESSO - UC:58411550
2024-03-27 13:57:28 - INFO - SUCESSO - UC:58411550
2024-03-27 14:00:15 - INFO - SUCESSO - UC:58411550
2024-03-27 14:00:27 - INFO - ERRO - UC:['58411550']
2024-03-27 14:00:31 - INFO - Tempo de execução:49.66694402694702
2024-03-27 14:05:12 - INFO - SUCESSO - UC:58411550
2024-03-27 14:05:23 - INFO - SUCESSO - UC:85922927
2024-03-27 14:05:32 - INFO - SUCESSO - UC:45189064
2024-03-27 14:05:42 - INFO - SUCESSO - UC:101925239
2024-03-27 14:05:53 - INFO - SUCESSO - UC:98678280
2024-03-27 14:06:04 - INFO - SUCESSO - UC:41340655
2024-03-27 14:06:15 - INFO - SUCESSO - UC:105717649
2024-03-27 14:06:25 - INFO - SUCESSO - UC:81924518
2024-03-27 14:06:37 - INFO - SUCESSO - UC:45838313
2024-03-27 14:06:48 - INFO - SUCESSO - UC:53371127
2024-03-27 14:06:58 - INFO - SUCESSO - UC:54207002
2024-03-27 14:07:12 - INFO - SUCESSO - UC:103025618
2024-03-27 14:07:24 - INFO - SUCESSO - UC:109211014
2024-03-27 14:07:36 - INFO - SUCESSO - UC:38143135
2024-03-27 14:07:46 - INFO - SUCESSO - UC:68050330
2024-03-27 14:07:57 - INFO - SUCESSO - UC:73433594
2024-03-27 14:08:08 - INFO - SUCESSO - UC:94164355
2024-03-27 14:08:20 - INFO - SUCESSO - UC:98853104
2024-03-27 14:08:31 - INFO - SUCESSO - UC:107150751
2024-03-27 14:08:44 - INFO - SUCESSO - UC:110877306
2024-03-27 14:08:56 - INFO - SUCESSO - UC:110877446
2024-03-27 14:09:09 - INFO - SUCESSO - UC:110877519
2024-03-27 14:09:22 - INFO - SUCESSO - UC:55103740
2024-03-27 14:09:35 - INFO - SUCESSO - UC:56731310
2024-03-27 14:09:48 - INFO - SUCESSO - UC:95641963
2024-03-27 14:10:02 - INFO - SUCESSO - UC:16500334
2024-03-27 14:10:15 - INFO - SUCESSO - UC:59012340
2024-03-27 14:10:27 - INFO - SUCESSO - UC:59097779
2024-03-27 14:10:40 - INFO - SUCESSO - UC:102204144
2024-03-27 14:10:57 - INFO - SUCESSO - UC:105086940
2024-03-27 14:11:14 - INFO - SUCESSO - UC:105479810
2024-03-27 14:11:32 - INFO - SUCESSO - UC:106152521
2024-03-27 14:11:48 - INFO - SUCESSO - UC:106672762
2024-03-27 14:12:03 - INFO - SUCESSO - UC:106693352
2024-03-27 14:12:19 - INFO - SUCESSO - UC:106693433
2024-03-27 14:12:35 - INFO - SUCESSO - UC:109487877
2024-03-27 14:12:49 - INFO - SUCESSO - UC:110309707
2024-03-27 14:13:03 - INFO - SUCESSO - UC:110640390
2024-03-27 14:13:18 - INFO - SUCESSO - UC:41532147
2024-03-27 14:13:32 - INFO - SUCESSO - UC:47009004
2024-03-27 14:13:47 - INFO - SUCESSO - UC:57529060
2024-03-27 14:14:02 - INFO - SUCESSO - UC:73678309
2024-03-27 14:14:17 - INFO - SUCESSO - UC:74266390
2024-03-27 14:14:32 - INFO - SUCESSO - UC:78677211
2024-03-27 14:14:47 - INFO - SUCESSO - UC:81690150
2024-03-27 14:15:02 - INFO - SUCESSO - UC:85654701
2024-03-27 14:15:18 - INFO - SUCESSO - UC:89365984
2024-03-27 14:15:33 - INFO - SUCESSO - UC:92565417
2024-03-27 14:15:49 - INFO - SUCESSO - UC:98182501
2024-03-27 14:16:06 - INFO - SUCESSO - UC:106720775
2024-03-27 14:21:44 - INFO - ERRO - UC:[]
2024-03-27 14:21:45 - INFO - Tempo de execução:24.49095606803894
2024-03-27 14:26:51 - INFO - SUCESSO - UC:58411550
2024-03-27 14:27:08 - INFO - SUCESSO - UC:85922927
2024-03-27 14:27:19 - INFO - SUCESSO - UC:45189064
2024-03-27 14:28:23 - INFO - SUCESSO - UC:58411550
2024-03-27 14:29:28 - INFO - SUCESSO - UC:58411550
2024-03-27 14:29:39 - INFO - SUCESSO - UC:85922927
2024-03-27 14:29:48 - INFO - SUCESSO - UC:45189064
2024-03-27 14:29:57 - INFO - SUCESSO - UC:101925239
2024-03-27 14:30:09 - INFO - SUCESSO - UC:98678280
2024-03-27 14:30:18 - INFO - SUCESSO - UC:41340655
2024-03-27 14:30:34 - INFO - SUCESSO - UC:105717649
2024-03-27 14:30:44 - INFO - SUCESSO - UC:81924518
2024-03-27 14:30:57 - INFO - SUCESSO - UC:45838313
2024-03-27 14:31:10 - INFO - SUCESSO - UC:53371127
2024-03-27 14:31:22 - INFO - SUCESSO - UC:54207002
2024-03-27 14:31:35 - INFO - SUCESSO - UC:103025618
2024-03-27 14:31:50 - INFO - SUCESSO - UC:109211014
2024-03-27 14:32:05 - INFO - SUCESSO - UC:38143135
2024-03-27 14:32:17 - INFO - SUCESSO - UC:68050330
2024-03-27 14:32:29 - INFO - SUCESSO - UC:73433594
2024-03-27 14:32:43 - INFO - SUCESSO - UC:94164355
2024-03-27 14:32:56 - INFO - SUCESSO - UC:98853104
2024-03-27 14:33:08 - INFO - SUCESSO - UC:107150751
2024-03-27 14:33:21 - INFO - SUCESSO - UC:110877306
2024-03-27 14:33:32 - INFO - SUCESSO - UC:110877446
2024-03-27 14:33:44 - INFO - SUCESSO - UC:110877519
2024-03-27 14:33:57 - INFO - SUCESSO - UC:55103740
2024-03-27 14:34:10 - INFO - SUCESSO - UC:56731310
2024-03-27 14:34:23 - INFO - SUCESSO - UC:95641963
2024-03-27 14:34:36 - INFO - SUCESSO - UC:16500334
2024-03-27 14:34:48 - INFO - SUCESSO - UC:59012340
2024-03-27 14:35:00 - INFO - SUCESSO - UC:59097779
2024-03-27 14:35:13 - INFO - SUCESSO - UC:102204144
2024-03-27 14:35:27 - INFO - SUCESSO - UC:105086940
2024-03-27 14:35:41 - INFO - SUCESSO - UC:105479810
2024-03-27 14:35:54 - INFO - SUCESSO - UC:106152521
2024-03-27 14:36:08 - INFO - SUCESSO - UC:106672762
2024-03-27 14:36:21 - INFO - SUCESSO - UC:106693352
2024-03-27 14:36:35 - INFO - SUCESSO - UC:106693433
2024-03-27 14:36:49 - INFO - SUCESSO - UC:109487877
2024-03-27 14:37:04 - INFO - SUCESSO - UC:110309707
2024-03-27 14:37:17 - INFO - SUCESSO - UC:110640390
2024-03-27 14:37:31 - INFO - SUCESSO - UC:41532147
2024-03-27 14:37:47 - INFO - SUCESSO - UC:47009004
2024-03-27 14:38:02 - INFO - SUCESSO - UC:57529060
2024-03-27 14:38:17 - INFO - SUCESSO - UC:73678309
2024-03-27 14:38:32 - INFO - SUCESSO - UC:74266390
2024-03-27 14:38:47 - INFO - SUCESSO - UC:78677211
2024-03-27 14:39:02 - INFO - SUCESSO - UC:81690150
2024-03-27 14:39:19 - INFO - SUCESSO - UC:85654701
2024-03-27 14:39:34 - INFO - SUCESSO - UC:89365984
2024-03-27 14:39:49 - INFO - SUCESSO - UC:92565417
2024-03-27 14:40:05 - INFO - SUCESSO - UC:98182501
2024-03-27 14:40:20 - INFO - SUCESSO - UC:106720775
2024-03-27 14:41:41 - INFO - SUCESSO - UC:109525019
2024-03-27 14:41:58 - INFO - SUCESSO - UC:109635914
2024-03-28 09:29:20 - INFO - SUCESSO - UC:58411550
2024-03-28 09:29:52 - INFO - SUCESSO - UC:85922927
2024-03-28 09:31:13 - INFO - SUCESSO - UC:Não
2024-03-28 09:36:03 - INFO - SUCESSO - UC:
2024-03-28 09:38:28 - INFO - SUCESSO - UC:27600590;28600665;29602201;29602234;30600215;30600263;31600037;31603305;31604063;31604220;31605781;31605951;31606701;32600095;32600246;35600024;35600042;35602464;40621968;27601522;28600020;28600394;31603010;31606006;35601154;35601168;35602677;40621398;40621803;40621805;40622545;40625174;41683121;26600561;27600590;28600565;28600665;29602172;29602177;29602201;29602234;30600215;30600243;30600263;31600037;31600649;31601975;31602298;31602834;31603305;31603826;31603909;31604063;31604155;31604220;31604646;31605699;31605781;31605951;31606080;31606701;32600002;32600095;32600246;32600358;35600024;35600033;35600042;35600195;35600373;35600857;35601339;35601671;35601696;35601714;35601941;35601997;35602087;35602464;35602511;35602512;35602513;35602519;35602520;35602586;40620072;40620374;40620604;40620713;40620973;40621660;40621968;40622333;40623530;40623540;40623867;40623879;40623916;40623947;40624819;40624856;40624934;40624983;40625002;40625606;40625630;40625707;44628685
2024-03-28 09:59:13 - INFO - ERRO - UC:[]
2024-03-28 09:59:13 - INFO - Tempo de execução:23.102548360824585
2024-03-28 10:00:25 - INFO - ERRO - UC:[]
2024-03-28 10:00:25 - INFO - Tempo de execução:22.908365964889526
2024-03-28 10:04:37 - INFO - SUCESSO - UC:58411550
2024-03-28 10:05:29 - INFO - SUCESSO - UC:58411550
2024-03-28 10:08:20 - INFO - SUCESSO - UC:58411550
2024-03-28 13:13:06 - INFO - SUCESSO - UC:58411550
2024-03-28 13:34:22 - INFO - SUCESSO - UC:58411550
2024-03-28 13:56:39 - INFO - SUCESSO - UC:58411550
2024-03-28 13:56:51 - INFO - SUCESSO - UC:85922927
2024-03-28 13:57:02 - INFO - SUCESSO - UC:45189064
2024-03-28 13:57:16 - INFO - SUCESSO - UC:101925239

2024-03-28 14:07:05 - INFO - SUCESSO - UC:58411550
2024-03-28 14:07:19 - INFO - SUCESSO - UC:85922927
2024-03-28 14:11:56 - INFO - SUCESSO - UC:45838313
2024-03-28 14:12:10 - INFO - SUCESSO - UC:53371127
2024-03-28 14:12:24 - INFO - SUCESSO - UC:103025618
2024-03-28 14:12:36 - INFO - SUCESSO - UC:109211014
2024-03-28 14:19:28 - INFO - SUCESSO - UC:38143135
2024-03-28 14:19:41 - INFO - SUCESSO - UC:107150751
2024-03-28 14:19:52 - INFO - SUCESSO - UC:110877306
2024-03-28 14:20:03 - INFO - SUCESSO - UC:110877446
2024-03-28 14:38:53 - INFO - SUCESSO - UC:41340655
2024-03-28 14:39:42 - INFO - SUCESSO - UC:38143135
2024-03-28 14:48:23 - INFO - SUCESSO - UC:38143135
2024-03-28 14:48:34 - INFO - SUCESSO - UC:110877519
2024-03-28 14:48:45 - INFO - SUCESSO - UC:55103740
2024-03-28 14:55:01 - INFO - SUCESSO - UC:58411550
2024-03-28 14:55:14 - INFO - SUCESSO - UC:38143135
2024-03-28 14:55:46 - INFO - SUCESSO - UC:58411550
2024-03-28 14:56:00 - INFO - SUCESSO - UC:38143135
2024-03-28 14:56:32 - INFO - SUCESSO - UC:58411550
2024-03-28 14:56:44 - INFO - SUCESSO - UC:38143135
2024-03-28 14:59:31 - INFO - SUCESSO - UC:58411550
2024-03-28 14:59:43 - INFO - SUCESSO - UC:38143135
2024-03-28 15:02:41 - INFO - SUCESSO - UC:58411550
2024-03-28 15:02:54 - INFO - SUCESSO - UC:38143135
2024-03-28 15:03:27 - INFO - SUCESSO - UC:35601154
